2014-05-01 07:58:07 Error: [MissingTableException] Table members for model Member was not found in datasource default.
Exception Attributes: array (
  'table' => 'members',
  'class' => 'Member',
  'ds' => 'default',
)
Request URL: /test/members
Stack Trace:
#0 D:\xampp\htdocs\test\lib\Cake\Model\Model.php(3499): Model->setSource('members')
#1 D:\xampp\htdocs\test\lib\Cake\Model\Model.php(2903): Model->getDataSource()
#2 D:\xampp\htdocs\test\lib\Cake\Model\Model.php(2875): Model->_readDataSource('all', Array)
#3 D:\xampp\htdocs\test\app\Controller\MembersController.php(8): Model->find('all')
#4 [internal function]: MembersController->index()
#5 D:\xampp\htdocs\test\lib\Cake\Controller\Controller.php(490): ReflectionMethod->invokeArgs(Object(MembersController), Array)
#6 D:\xampp\htdocs\test\lib\Cake\Routing\Dispatcher.php(185): Controller->invokeAction(Object(CakeRequest))
#7 D:\xampp\htdocs\test\lib\Cake\Routing\Dispatcher.php(160): Dispatcher->_invoke(Object(MembersController), Object(CakeRequest), Object(CakeResponse))
#8 D:\xampp\htdocs\test\app\webroot\index.php(108): Dispatcher->dispatch(Object(CakeRequest), Object(CakeResponse))
#9 {main}
2014-05-01 07:58:15 Error: [MissingControllerException] Controller class MemberController could not be found.
Exception Attributes: array (
  'class' => 'MemberController',
  'plugin' => NULL,
)
Request URL: /test/member
Stack Trace:
#0 D:\xampp\htdocs\test\app\webroot\index.php(108): Dispatcher->dispatch(Object(CakeRequest), Object(CakeResponse))
#1 {main}
2014-05-01 07:59:41 Error: [MissingActionException] Action MembersController::display() could not be found.
Exception Attributes: array (
  'controller' => 'MembersController',
  'action' => 'display',
)
Request URL: /test/
Stack Trace:
#0 D:\xampp\htdocs\test\lib\Cake\Routing\Dispatcher.php(185): Controller->invokeAction(Object(CakeRequest))
#1 D:\xampp\htdocs\test\lib\Cake\Routing\Dispatcher.php(160): Dispatcher->_invoke(Object(MembersController), Object(CakeRequest), Object(CakeResponse))
#2 D:\xampp\htdocs\test\app\webroot\index.php(108): Dispatcher->dispatch(Object(CakeRequest), Object(CakeResponse))
#3 {main}
2014-05-01 08:01:24 Error: [MissingActionException] Action MembersController::display() could not be found.
Exception Attributes: array (
  'controller' => 'MembersController',
  'action' => 'display',
)
Request URL: /test/
Stack Trace:
#0 D:\xampp\htdocs\test\lib\Cake\Routing\Dispatcher.php(185): Controller->invokeAction(Object(CakeRequest))
#1 D:\xampp\htdocs\test\lib\Cake\Routing\Dispatcher.php(160): Dispatcher->_invoke(Object(MembersController), Object(CakeRequest), Object(CakeResponse))
#2 D:\xampp\htdocs\test\app\webroot\index.php(108): Dispatcher->dispatch(Object(CakeRequest), Object(CakeResponse))
#3 {main}
2014-05-01 08:01:27 Error: [MissingActionException] Action MembersController::display() could not be found.
Exception Attributes: array (
  'controller' => 'MembersController',
  'action' => 'display',
)
Request URL: /test/
Stack Trace:
#0 D:\xampp\htdocs\test\lib\Cake\Routing\Dispatcher.php(185): Controller->invokeAction(Object(CakeRequest))
#1 D:\xampp\htdocs\test\lib\Cake\Routing\Dispatcher.php(160): Dispatcher->_invoke(Object(MembersController), Object(CakeRequest), Object(CakeResponse))
#2 D:\xampp\htdocs\test\app\webroot\index.php(108): Dispatcher->dispatch(Object(CakeRequest), Object(CakeResponse))
#3 {main}
2014-05-01 08:01:27 Error: [MissingActionException] Action MembersController::display() could not be found.
Exception Attributes: array (
  'controller' => 'MembersController',
  'action' => 'display',
)
Request URL: /test/
Stack Trace:
#0 D:\xampp\htdocs\test\lib\Cake\Routing\Dispatcher.php(185): Controller->invokeAction(Object(CakeRequest))
#1 D:\xampp\htdocs\test\lib\Cake\Routing\Dispatcher.php(160): Dispatcher->_invoke(Object(MembersController), Object(CakeRequest), Object(CakeResponse))
#2 D:\xampp\htdocs\test\app\webroot\index.php(108): Dispatcher->dispatch(Object(CakeRequest), Object(CakeResponse))
#3 {main}
2014-05-01 08:01:28 Error: [MissingActionException] Action MembersController::display() could not be found.
Exception Attributes: array (
  'controller' => 'MembersController',
  'action' => 'display',
)
Request URL: /test/
Stack Trace:
#0 D:\xampp\htdocs\test\lib\Cake\Routing\Dispatcher.php(185): Controller->invokeAction(Object(CakeRequest))
#1 D:\xampp\htdocs\test\lib\Cake\Routing\Dispatcher.php(160): Dispatcher->_invoke(Object(MembersController), Object(CakeRequest), Object(CakeResponse))
#2 D:\xampp\htdocs\test\app\webroot\index.php(108): Dispatcher->dispatch(Object(CakeRequest), Object(CakeResponse))
#3 {main}
2014-05-01 08:01:28 Error: [MissingActionException] Action MembersController::display() could not be found.
Exception Attributes: array (
  'controller' => 'MembersController',
  'action' => 'display',
)
Request URL: /test/
Stack Trace:
#0 D:\xampp\htdocs\test\lib\Cake\Routing\Dispatcher.php(185): Controller->invokeAction(Object(CakeRequest))
#1 D:\xampp\htdocs\test\lib\Cake\Routing\Dispatcher.php(160): Dispatcher->_invoke(Object(MembersController), Object(CakeRequest), Object(CakeResponse))
#2 D:\xampp\htdocs\test\app\webroot\index.php(108): Dispatcher->dispatch(Object(CakeRequest), Object(CakeResponse))
#3 {main}
2014-05-01 08:01:28 Error: [MissingActionException] Action MembersController::display() could not be found.
Exception Attributes: array (
  'controller' => 'MembersController',
  'action' => 'display',
)
Request URL: /test/
Stack Trace:
#0 D:\xampp\htdocs\test\lib\Cake\Routing\Dispatcher.php(185): Controller->invokeAction(Object(CakeRequest))
#1 D:\xampp\htdocs\test\lib\Cake\Routing\Dispatcher.php(160): Dispatcher->_invoke(Object(MembersController), Object(CakeRequest), Object(CakeResponse))
#2 D:\xampp\htdocs\test\app\webroot\index.php(108): Dispatcher->dispatch(Object(CakeRequest), Object(CakeResponse))
#3 {main}
2014-05-01 08:01:58 Error: [MissingActionException] Action MembersController::display() could not be found.
Exception Attributes: array (
  'controller' => 'MembersController',
  'action' => 'display',
)
Request URL: /test/
Stack Trace:
#0 D:\xampp\htdocs\test\lib\Cake\Routing\Dispatcher.php(185): Controller->invokeAction(Object(CakeRequest))
#1 D:\xampp\htdocs\test\lib\Cake\Routing\Dispatcher.php(160): Dispatcher->_invoke(Object(MembersController), Object(CakeRequest), Object(CakeResponse))
#2 D:\xampp\htdocs\test\app\webroot\index.php(108): Dispatcher->dispatch(Object(CakeRequest), Object(CakeResponse))
#3 {main}
2014-05-01 08:02:01 Error: [MissingActionException] Action MembersController::display() could not be found.
Exception Attributes: array (
  'controller' => 'MembersController',
  'action' => 'display',
)
Request URL: /test/
Stack Trace:
#0 D:\xampp\htdocs\test\lib\Cake\Routing\Dispatcher.php(185): Controller->invokeAction(Object(CakeRequest))
#1 D:\xampp\htdocs\test\lib\Cake\Routing\Dispatcher.php(160): Dispatcher->_invoke(Object(MembersController), Object(CakeRequest), Object(CakeResponse))
#2 D:\xampp\htdocs\test\app\webroot\index.php(108): Dispatcher->dispatch(Object(CakeRequest), Object(CakeResponse))
#3 {main}
2014-05-01 08:02:27 Error: [MissingActionException] Action MembersController::member_index() could not be found.
Exception Attributes: array (
  'controller' => 'MembersController',
  'action' => 'member_index',
)
Request URL: /test/
Stack Trace:
#0 D:\xampp\htdocs\test\lib\Cake\Routing\Dispatcher.php(185): Controller->invokeAction(Object(CakeRequest))
#1 D:\xampp\htdocs\test\lib\Cake\Routing\Dispatcher.php(160): Dispatcher->_invoke(Object(MembersController), Object(CakeRequest), Object(CakeResponse))
#2 D:\xampp\htdocs\test\app\webroot\index.php(108): Dispatcher->dispatch(Object(CakeRequest), Object(CakeResponse))
#3 {main}
2014-05-01 08:03:00 Error: [MissingTableException] Table members for model Member was not found in datasource default.
Exception Attributes: array (
  'table' => 'members',
  'class' => 'Member',
  'ds' => 'default',
)
Request URL: /test/
Stack Trace:
#0 D:\xampp\htdocs\test\lib\Cake\Model\Model.php(3499): Model->setSource('members')
#1 D:\xampp\htdocs\test\lib\Cake\Model\Model.php(2903): Model->getDataSource()
#2 D:\xampp\htdocs\test\lib\Cake\Model\Model.php(2875): Model->_readDataSource('all', Array)
#3 D:\xampp\htdocs\test\app\Controller\MembersController.php(8): Model->find('all')
#4 [internal function]: MembersController->index()
#5 D:\xampp\htdocs\test\lib\Cake\Controller\Controller.php(490): ReflectionMethod->invokeArgs(Object(MembersController), Array)
#6 D:\xampp\htdocs\test\lib\Cake\Routing\Dispatcher.php(185): Controller->invokeAction(Object(CakeRequest))
#7 D:\xampp\htdocs\test\lib\Cake\Routing\Dispatcher.php(160): Dispatcher->_invoke(Object(MembersController), Object(CakeRequest), Object(CakeResponse))
#8 D:\xampp\htdocs\test\app\webroot\index.php(108): Dispatcher->dispatch(Object(CakeRequest), Object(CakeResponse))
#9 {main}
2014-05-01 08:04:14 Error: [MissingTableException] Table members for model Member was not found in datasource default.
Exception Attributes: array (
  'table' => 'members',
  'class' => 'Member',
  'ds' => 'default',
)
Request URL: /test/
Stack Trace:
#0 D:\xampp\htdocs\test\lib\Cake\Model\Model.php(3499): Model->setSource('members')
#1 D:\xampp\htdocs\test\lib\Cake\Model\Model.php(2903): Model->getDataSource()
#2 D:\xampp\htdocs\test\lib\Cake\Model\Model.php(2875): Model->_readDataSource('all', Array)
#3 D:\xampp\htdocs\test\app\Controller\MembersController.php(9): Model->find('all')
#4 [internal function]: MembersController->index()
#5 D:\xampp\htdocs\test\lib\Cake\Controller\Controller.php(490): ReflectionMethod->invokeArgs(Object(MembersController), Array)
#6 D:\xampp\htdocs\test\lib\Cake\Routing\Dispatcher.php(185): Controller->invokeAction(Object(CakeRequest))
#7 D:\xampp\htdocs\test\lib\Cake\Routing\Dispatcher.php(160): Dispatcher->_invoke(Object(MembersController), Object(CakeRequest), Object(CakeResponse))
#8 D:\xampp\htdocs\test\app\webroot\index.php(108): Dispatcher->dispatch(Object(CakeRequest), Object(CakeResponse))
#9 {main}
2014-05-01 08:04:21 Error: [MissingTableException] Table members for model Member was not found in datasource default.
Exception Attributes: array (
  'table' => 'members',
  'class' => 'Member',
  'ds' => 'default',
)
Request URL: /test/
Stack Trace:
#0 D:\xampp\htdocs\test\lib\Cake\Model\Model.php(3499): Model->setSource('members')
#1 D:\xampp\htdocs\test\lib\Cake\Model\Model.php(2903): Model->getDataSource()
#2 D:\xampp\htdocs\test\lib\Cake\Model\Model.php(2875): Model->_readDataSource('all', Array)
#3 D:\xampp\htdocs\test\app\Controller\MembersController.php(9): Model->find('all')
#4 [internal function]: MembersController->index()
#5 D:\xampp\htdocs\test\lib\Cake\Controller\Controller.php(490): ReflectionMethod->invokeArgs(Object(MembersController), Array)
#6 D:\xampp\htdocs\test\lib\Cake\Routing\Dispatcher.php(185): Controller->invokeAction(Object(CakeRequest))
#7 D:\xampp\htdocs\test\lib\Cake\Routing\Dispatcher.php(160): Dispatcher->_invoke(Object(MembersController), Object(CakeRequest), Object(CakeResponse))
#8 D:\xampp\htdocs\test\app\webroot\index.php(108): Dispatcher->dispatch(Object(CakeRequest), Object(CakeResponse))
#9 {main}
2014-05-01 08:07:25 Error: [MissingTableException] Table members for model Member was not found in datasource default.
Exception Attributes: array (
  'table' => 'members',
  'class' => 'Member',
  'ds' => 'default',
)
Request URL: /test/
Stack Trace:
#0 D:\xampp\htdocs\test\lib\Cake\Model\Model.php(3499): Model->setSource('members')
#1 D:\xampp\htdocs\test\lib\Cake\Model\Model.php(2903): Model->getDataSource()
#2 D:\xampp\htdocs\test\lib\Cake\Model\Model.php(2875): Model->_readDataSource('all', Array)
#3 D:\xampp\htdocs\test\app\Controller\MembersController.php(8): Model->find('all')
#4 [internal function]: MembersController->index()
#5 D:\xampp\htdocs\test\lib\Cake\Controller\Controller.php(490): ReflectionMethod->invokeArgs(Object(MembersController), Array)
#6 D:\xampp\htdocs\test\lib\Cake\Routing\Dispatcher.php(185): Controller->invokeAction(Object(CakeRequest))
#7 D:\xampp\htdocs\test\lib\Cake\Routing\Dispatcher.php(160): Dispatcher->_invoke(Object(MembersController), Object(CakeRequest), Object(CakeResponse))
#8 D:\xampp\htdocs\test\app\webroot\index.php(108): Dispatcher->dispatch(Object(CakeRequest), Object(CakeResponse))
#9 {main}
2014-05-01 08:07:31 Error: [MissingTableException] Table members for model Member was not found in datasource default.
Exception Attributes: array (
  'table' => 'members',
  'class' => 'Member',
  'ds' => 'default',
)
Request URL: /test/
Stack Trace:
#0 D:\xampp\htdocs\test\lib\Cake\Model\Model.php(3499): Model->setSource('members')
#1 D:\xampp\htdocs\test\lib\Cake\Model\Model.php(2903): Model->getDataSource()
#2 D:\xampp\htdocs\test\lib\Cake\Model\Model.php(2875): Model->_readDataSource('all', Array)
#3 D:\xampp\htdocs\test\app\Controller\MembersController.php(8): Model->find('all')
#4 [internal function]: MembersController->index()
#5 D:\xampp\htdocs\test\lib\Cake\Controller\Controller.php(490): ReflectionMethod->invokeArgs(Object(MembersController), Array)
#6 D:\xampp\htdocs\test\lib\Cake\Routing\Dispatcher.php(185): Controller->invokeAction(Object(CakeRequest))
#7 D:\xampp\htdocs\test\lib\Cake\Routing\Dispatcher.php(160): Dispatcher->_invoke(Object(MembersController), Object(CakeRequest), Object(CakeResponse))
#8 D:\xampp\htdocs\test\app\webroot\index.php(108): Dispatcher->dispatch(Object(CakeRequest), Object(CakeResponse))
#9 {main}
2014-05-01 08:08:47 Error: [MissingTableException] Table members for model Member was not found in datasource default.
Exception Attributes: array (
  'table' => 'members',
  'class' => 'Member',
  'ds' => 'default',
)
Request URL: /test/
Stack Trace:
#0 D:\xampp\htdocs\test\lib\Cake\Model\Model.php(3499): Model->setSource('members')
#1 D:\xampp\htdocs\test\lib\Cake\Model\Model.php(2903): Model->getDataSource()
#2 D:\xampp\htdocs\test\lib\Cake\Model\Model.php(2875): Model->_readDataSource('all', Array)
#3 D:\xampp\htdocs\test\app\Controller\MembersController.php(8): Model->find('all')
#4 [internal function]: MembersController->index()
#5 D:\xampp\htdocs\test\lib\Cake\Controller\Controller.php(490): ReflectionMethod->invokeArgs(Object(MembersController), Array)
#6 D:\xampp\htdocs\test\lib\Cake\Routing\Dispatcher.php(185): Controller->invokeAction(Object(CakeRequest))
#7 D:\xampp\htdocs\test\lib\Cake\Routing\Dispatcher.php(160): Dispatcher->_invoke(Object(MembersController), Object(CakeRequest), Object(CakeResponse))
#8 D:\xampp\htdocs\test\app\webroot\index.php(108): Dispatcher->dispatch(Object(CakeRequest), Object(CakeResponse))
#9 {main}
2014-05-01 08:12:04 Error: [MissingTableException] Table members for model Member was not found in datasource default.
Exception Attributes: array (
  'table' => 'members',
  'class' => 'Member',
  'ds' => 'default',
)
Request URL: /test/
Stack Trace:
#0 D:\xampp\htdocs\test\lib\Cake\Model\Model.php(3499): Model->setSource('members')
#1 D:\xampp\htdocs\test\lib\Cake\Model\Model.php(2903): Model->getDataSource()
#2 D:\xampp\htdocs\test\lib\Cake\Model\Model.php(2875): Model->_readDataSource('all', Array)
#3 D:\xampp\htdocs\test\app\Controller\MembersController.php(8): Model->find('all')
#4 [internal function]: MembersController->index()
#5 D:\xampp\htdocs\test\lib\Cake\Controller\Controller.php(490): ReflectionMethod->invokeArgs(Object(MembersController), Array)
#6 D:\xampp\htdocs\test\lib\Cake\Routing\Dispatcher.php(185): Controller->invokeAction(Object(CakeRequest))
#7 D:\xampp\htdocs\test\lib\Cake\Routing\Dispatcher.php(160): Dispatcher->_invoke(Object(MembersController), Object(CakeRequest), Object(CakeResponse))
#8 D:\xampp\htdocs\test\app\webroot\index.php(108): Dispatcher->dispatch(Object(CakeRequest), Object(CakeResponse))
#9 {main}
2014-05-01 08:12:06 Error: [MissingTableException] Table members for model Member was not found in datasource default.
Exception Attributes: array (
  'table' => 'members',
  'class' => 'Member',
  'ds' => 'default',
)
Request URL: /test/
Stack Trace:
#0 D:\xampp\htdocs\test\lib\Cake\Model\Model.php(3499): Model->setSource('members')
#1 D:\xampp\htdocs\test\lib\Cake\Model\Model.php(2903): Model->getDataSource()
#2 D:\xampp\htdocs\test\lib\Cake\Model\Model.php(2875): Model->_readDataSource('all', Array)
#3 D:\xampp\htdocs\test\app\Controller\MembersController.php(8): Model->find('all')
#4 [internal function]: MembersController->index()
#5 D:\xampp\htdocs\test\lib\Cake\Controller\Controller.php(490): ReflectionMethod->invokeArgs(Object(MembersController), Array)
#6 D:\xampp\htdocs\test\lib\Cake\Routing\Dispatcher.php(185): Controller->invokeAction(Object(CakeRequest))
#7 D:\xampp\htdocs\test\lib\Cake\Routing\Dispatcher.php(160): Dispatcher->_invoke(Object(MembersController), Object(CakeRequest), Object(CakeResponse))
#8 D:\xampp\htdocs\test\app\webroot\index.php(108): Dispatcher->dispatch(Object(CakeRequest), Object(CakeResponse))
#9 {main}
2014-05-01 08:12:06 Error: [MissingTableException] Table members for model Member was not found in datasource default.
Exception Attributes: array (
  'table' => 'members',
  'class' => 'Member',
  'ds' => 'default',
)
Request URL: /test/
Stack Trace:
#0 D:\xampp\htdocs\test\lib\Cake\Model\Model.php(3499): Model->setSource('members')
#1 D:\xampp\htdocs\test\lib\Cake\Model\Model.php(2903): Model->getDataSource()
#2 D:\xampp\htdocs\test\lib\Cake\Model\Model.php(2875): Model->_readDataSource('all', Array)
#3 D:\xampp\htdocs\test\app\Controller\MembersController.php(8): Model->find('all')
#4 [internal function]: MembersController->index()
#5 D:\xampp\htdocs\test\lib\Cake\Controller\Controller.php(490): ReflectionMethod->invokeArgs(Object(MembersController), Array)
#6 D:\xampp\htdocs\test\lib\Cake\Routing\Dispatcher.php(185): Controller->invokeAction(Object(CakeRequest))
#7 D:\xampp\htdocs\test\lib\Cake\Routing\Dispatcher.php(160): Dispatcher->_invoke(Object(MembersController), Object(CakeRequest), Object(CakeResponse))
#8 D:\xampp\htdocs\test\app\webroot\index.php(108): Dispatcher->dispatch(Object(CakeRequest), Object(CakeResponse))
#9 {main}
2014-05-01 08:12:07 Error: [MissingTableException] Table members for model Member was not found in datasource default.
Exception Attributes: array (
  'table' => 'members',
  'class' => 'Member',
  'ds' => 'default',
)
Request URL: /test/
Stack Trace:
#0 D:\xampp\htdocs\test\lib\Cake\Model\Model.php(3499): Model->setSource('members')
#1 D:\xampp\htdocs\test\lib\Cake\Model\Model.php(2903): Model->getDataSource()
#2 D:\xampp\htdocs\test\lib\Cake\Model\Model.php(2875): Model->_readDataSource('all', Array)
#3 D:\xampp\htdocs\test\app\Controller\MembersController.php(8): Model->find('all')
#4 [internal function]: MembersController->index()
#5 D:\xampp\htdocs\test\lib\Cake\Controller\Controller.php(490): ReflectionMethod->invokeArgs(Object(MembersController), Array)
#6 D:\xampp\htdocs\test\lib\Cake\Routing\Dispatcher.php(185): Controller->invokeAction(Object(CakeRequest))
#7 D:\xampp\htdocs\test\lib\Cake\Routing\Dispatcher.php(160): Dispatcher->_invoke(Object(MembersController), Object(CakeRequest), Object(CakeResponse))
#8 D:\xampp\htdocs\test\app\webroot\index.php(108): Dispatcher->dispatch(Object(CakeRequest), Object(CakeResponse))
#9 {main}
2014-05-01 08:12:07 Error: [MissingTableException] Table members for model Member was not found in datasource default.
Exception Attributes: array (
  'table' => 'members',
  'class' => 'Member',
  'ds' => 'default',
)
Request URL: /test/
Stack Trace:
#0 D:\xampp\htdocs\test\lib\Cake\Model\Model.php(3499): Model->setSource('members')
#1 D:\xampp\htdocs\test\lib\Cake\Model\Model.php(2903): Model->getDataSource()
#2 D:\xampp\htdocs\test\lib\Cake\Model\Model.php(2875): Model->_readDataSource('all', Array)
#3 D:\xampp\htdocs\test\app\Controller\MembersController.php(8): Model->find('all')
#4 [internal function]: MembersController->index()
#5 D:\xampp\htdocs\test\lib\Cake\Controller\Controller.php(490): ReflectionMethod->invokeArgs(Object(MembersController), Array)
#6 D:\xampp\htdocs\test\lib\Cake\Routing\Dispatcher.php(185): Controller->invokeAction(Object(CakeRequest))
#7 D:\xampp\htdocs\test\lib\Cake\Routing\Dispatcher.php(160): Dispatcher->_invoke(Object(MembersController), Object(CakeRequest), Object(CakeResponse))
#8 D:\xampp\htdocs\test\app\webroot\index.php(108): Dispatcher->dispatch(Object(CakeRequest), Object(CakeResponse))
#9 {main}
2014-05-01 08:12:07 Error: [MissingTableException] Table members for model Member was not found in datasource default.
Exception Attributes: array (
  'table' => 'members',
  'class' => 'Member',
  'ds' => 'default',
)
Request URL: /test/
Stack Trace:
#0 D:\xampp\htdocs\test\lib\Cake\Model\Model.php(3499): Model->setSource('members')
#1 D:\xampp\htdocs\test\lib\Cake\Model\Model.php(2903): Model->getDataSource()
#2 D:\xampp\htdocs\test\lib\Cake\Model\Model.php(2875): Model->_readDataSource('all', Array)
#3 D:\xampp\htdocs\test\app\Controller\MembersController.php(8): Model->find('all')
#4 [internal function]: MembersController->index()
#5 D:\xampp\htdocs\test\lib\Cake\Controller\Controller.php(490): ReflectionMethod->invokeArgs(Object(MembersController), Array)
#6 D:\xampp\htdocs\test\lib\Cake\Routing\Dispatcher.php(185): Controller->invokeAction(Object(CakeRequest))
#7 D:\xampp\htdocs\test\lib\Cake\Routing\Dispatcher.php(160): Dispatcher->_invoke(Object(MembersController), Object(CakeRequest), Object(CakeResponse))
#8 D:\xampp\htdocs\test\app\webroot\index.php(108): Dispatcher->dispatch(Object(CakeRequest), Object(CakeResponse))
#9 {main}
2014-05-01 08:13:23 Error: [MissingViewException] View file "D:\xampp\htdocs\test\app\View\Members\index.ctp" is missing.
Exception Attributes: array (
  'file' => 'D:\\xampp\\htdocs\\test\\app\\View\\Members\\index.ctp',
)
Request URL: /test/
Stack Trace:
#0 D:\xampp\htdocs\test\lib\Cake\View\View.php(463): View->_getViewFileName(NULL)
#1 D:\xampp\htdocs\test\lib\Cake\Controller\Controller.php(954): View->render(NULL, NULL)
#2 D:\xampp\htdocs\test\lib\Cake\Routing\Dispatcher.php(192): Controller->render()
#3 D:\xampp\htdocs\test\lib\Cake\Routing\Dispatcher.php(160): Dispatcher->_invoke(Object(MembersController), Object(CakeRequest), Object(CakeResponse))
#4 D:\xampp\htdocs\test\app\webroot\index.php(108): Dispatcher->dispatch(Object(CakeRequest), Object(CakeResponse))
#5 {main}
2014-05-01 08:14:01 Error: [MissingActionException] Action MembersController::index() could not be found.
Exception Attributes: array (
  'controller' => 'MembersController',
  'action' => 'index',
)
Request URL: /test/
Stack Trace:
#0 D:\xampp\htdocs\test\lib\Cake\Routing\Dispatcher.php(185): Controller->invokeAction(Object(CakeRequest))
#1 D:\xampp\htdocs\test\lib\Cake\Routing\Dispatcher.php(160): Dispatcher->_invoke(Object(MembersController), Object(CakeRequest), Object(CakeResponse))
#2 D:\xampp\htdocs\test\app\webroot\index.php(108): Dispatcher->dispatch(Object(CakeRequest), Object(CakeResponse))
#3 {main}
2014-05-01 08:15:25 Error: [MissingActionException] Action MembersController::index() could not be found.
Exception Attributes: array (
  'controller' => 'MembersController',
  'action' => 'index',
)
Request URL: /test/
Stack Trace:
#0 D:\xampp\htdocs\test\lib\Cake\Routing\Dispatcher.php(185): Controller->invokeAction(Object(CakeRequest))
#1 D:\xampp\htdocs\test\lib\Cake\Routing\Dispatcher.php(160): Dispatcher->_invoke(Object(MembersController), Object(CakeRequest), Object(CakeResponse))
#2 D:\xampp\htdocs\test\app\webroot\index.php(108): Dispatcher->dispatch(Object(CakeRequest), Object(CakeResponse))
#3 {main}
2014-05-01 08:16:46 Error: [MissingActionException] Action MembersController::add() could not be found.
Exception Attributes: array (
  'controller' => 'MembersController',
  'action' => 'add',
)
Request URL: /test/members/add
Stack Trace:
#0 D:\xampp\htdocs\test\lib\Cake\Routing\Dispatcher.php(185): Controller->invokeAction(Object(CakeRequest))
#1 D:\xampp\htdocs\test\lib\Cake\Routing\Dispatcher.php(160): Dispatcher->_invoke(Object(MembersController), Object(CakeRequest), Object(CakeResponse))
#2 D:\xampp\htdocs\test\app\webroot\index.php(108): Dispatcher->dispatch(Object(CakeRequest), Object(CakeResponse))
#3 {main}
2014-05-01 08:17:51 Error: [MissingActionException] Action MembersController::add() could not be found.
Exception Attributes: array (
  'controller' => 'MembersController',
  'action' => 'add',
)
Request URL: /test/members/add
Stack Trace:
#0 D:\xampp\htdocs\test\lib\Cake\Routing\Dispatcher.php(185): Controller->invokeAction(Object(CakeRequest))
#1 D:\xampp\htdocs\test\lib\Cake\Routing\Dispatcher.php(160): Dispatcher->_invoke(Object(MembersController), Object(CakeRequest), Object(CakeResponse))
#2 D:\xampp\htdocs\test\app\webroot\index.php(108): Dispatcher->dispatch(Object(CakeRequest), Object(CakeResponse))
#3 {main}
2014-05-01 08:17:53 Error: [MissingActionException] Action MembersController::add() could not be found.
Exception Attributes: array (
  'controller' => 'MembersController',
  'action' => 'add',
)
Request URL: /test/members/add
Stack Trace:
#0 D:\xampp\htdocs\test\lib\Cake\Routing\Dispatcher.php(185): Controller->invokeAction(Object(CakeRequest))
#1 D:\xampp\htdocs\test\lib\Cake\Routing\Dispatcher.php(160): Dispatcher->_invoke(Object(MembersController), Object(CakeRequest), Object(CakeResponse))
#2 D:\xampp\htdocs\test\app\webroot\index.php(108): Dispatcher->dispatch(Object(CakeRequest), Object(CakeResponse))
#3 {main}
2014-05-01 08:17:53 Error: [MissingActionException] Action MembersController::add() could not be found.
Exception Attributes: array (
  'controller' => 'MembersController',
  'action' => 'add',
)
Request URL: /test/members/add
Stack Trace:
#0 D:\xampp\htdocs\test\lib\Cake\Routing\Dispatcher.php(185): Controller->invokeAction(Object(CakeRequest))
#1 D:\xampp\htdocs\test\lib\Cake\Routing\Dispatcher.php(160): Dispatcher->_invoke(Object(MembersController), Object(CakeRequest), Object(CakeResponse))
#2 D:\xampp\htdocs\test\app\webroot\index.php(108): Dispatcher->dispatch(Object(CakeRequest), Object(CakeResponse))
#3 {main}
2014-05-01 08:17:53 Error: [MissingActionException] Action MembersController::add() could not be found.
Exception Attributes: array (
  'controller' => 'MembersController',
  'action' => 'add',
)
Request URL: /test/members/add
Stack Trace:
#0 D:\xampp\htdocs\test\lib\Cake\Routing\Dispatcher.php(185): Controller->invokeAction(Object(CakeRequest))
#1 D:\xampp\htdocs\test\lib\Cake\Routing\Dispatcher.php(160): Dispatcher->_invoke(Object(MembersController), Object(CakeRequest), Object(CakeResponse))
#2 D:\xampp\htdocs\test\app\webroot\index.php(108): Dispatcher->dispatch(Object(CakeRequest), Object(CakeResponse))
#3 {main}
2014-05-01 08:17:53 Error: [MissingActionException] Action MembersController::add() could not be found.
Exception Attributes: array (
  'controller' => 'MembersController',
  'action' => 'add',
)
Request URL: /test/members/add
Stack Trace:
#0 D:\xampp\htdocs\test\lib\Cake\Routing\Dispatcher.php(185): Controller->invokeAction(Object(CakeRequest))
#1 D:\xampp\htdocs\test\lib\Cake\Routing\Dispatcher.php(160): Dispatcher->_invoke(Object(MembersController), Object(CakeRequest), Object(CakeResponse))
#2 D:\xampp\htdocs\test\app\webroot\index.php(108): Dispatcher->dispatch(Object(CakeRequest), Object(CakeResponse))
#3 {main}
2014-05-01 08:18:03 Error: [MissingActionException] Action MembersController::add() could not be found.
Exception Attributes: array (
  'controller' => 'MembersController',
  'action' => 'add',
)
Request URL: /test/members/add
Stack Trace:
#0 D:\xampp\htdocs\test\lib\Cake\Routing\Dispatcher.php(185): Controller->invokeAction(Object(CakeRequest))
#1 D:\xampp\htdocs\test\lib\Cake\Routing\Dispatcher.php(160): Dispatcher->_invoke(Object(MembersController), Object(CakeRequest), Object(CakeResponse))
#2 D:\xampp\htdocs\test\app\webroot\index.php(108): Dispatcher->dispatch(Object(CakeRequest), Object(CakeResponse))
#3 {main}
2014-05-01 08:19:46 Error: [MissingActionException] Action MembersController::add() could not be found.
Exception Attributes: array (
  'controller' => 'MembersController',
  'action' => 'add',
)
Request URL: /test/members/add
Stack Trace:
#0 D:\xampp\htdocs\test\lib\Cake\Routing\Dispatcher.php(185): Controller->invokeAction(Object(CakeRequest))
#1 D:\xampp\htdocs\test\lib\Cake\Routing\Dispatcher.php(160): Dispatcher->_invoke(Object(MembersController), Object(CakeRequest), Object(CakeResponse))
#2 D:\xampp\htdocs\test\app\webroot\index.php(108): Dispatcher->dispatch(Object(CakeRequest), Object(CakeResponse))
#3 {main}
2014-05-01 08:19:47 Error: [MissingActionException] Action MembersController::add() could not be found.
Exception Attributes: array (
  'controller' => 'MembersController',
  'action' => 'add',
)
Request URL: /test/members/add
Stack Trace:
#0 D:\xampp\htdocs\test\lib\Cake\Routing\Dispatcher.php(185): Controller->invokeAction(Object(CakeRequest))
#1 D:\xampp\htdocs\test\lib\Cake\Routing\Dispatcher.php(160): Dispatcher->_invoke(Object(MembersController), Object(CakeRequest), Object(CakeResponse))
#2 D:\xampp\htdocs\test\app\webroot\index.php(108): Dispatcher->dispatch(Object(CakeRequest), Object(CakeResponse))
#3 {main}
2014-05-01 08:19:47 Error: [MissingActionException] Action MembersController::add() could not be found.
Exception Attributes: array (
  'controller' => 'MembersController',
  'action' => 'add',
)
Request URL: /test/members/add
Stack Trace:
#0 D:\xampp\htdocs\test\lib\Cake\Routing\Dispatcher.php(185): Controller->invokeAction(Object(CakeRequest))
#1 D:\xampp\htdocs\test\lib\Cake\Routing\Dispatcher.php(160): Dispatcher->_invoke(Object(MembersController), Object(CakeRequest), Object(CakeResponse))
#2 D:\xampp\htdocs\test\app\webroot\index.php(108): Dispatcher->dispatch(Object(CakeRequest), Object(CakeResponse))
#3 {main}
2014-05-01 08:19:47 Error: [MissingActionException] Action MembersController::add() could not be found.
Exception Attributes: array (
  'controller' => 'MembersController',
  'action' => 'add',
)
Request URL: /test/members/add
Stack Trace:
#0 D:\xampp\htdocs\test\lib\Cake\Routing\Dispatcher.php(185): Controller->invokeAction(Object(CakeRequest))
#1 D:\xampp\htdocs\test\lib\Cake\Routing\Dispatcher.php(160): Dispatcher->_invoke(Object(MembersController), Object(CakeRequest), Object(CakeResponse))
#2 D:\xampp\htdocs\test\app\webroot\index.php(108): Dispatcher->dispatch(Object(CakeRequest), Object(CakeResponse))
#3 {main}
2014-05-01 08:19:47 Error: [MissingActionException] Action MembersController::add() could not be found.
Exception Attributes: array (
  'controller' => 'MembersController',
  'action' => 'add',
)
Request URL: /test/members/add
Stack Trace:
#0 D:\xampp\htdocs\test\lib\Cake\Routing\Dispatcher.php(185): Controller->invokeAction(Object(CakeRequest))
#1 D:\xampp\htdocs\test\lib\Cake\Routing\Dispatcher.php(160): Dispatcher->_invoke(Object(MembersController), Object(CakeRequest), Object(CakeResponse))
#2 D:\xampp\htdocs\test\app\webroot\index.php(108): Dispatcher->dispatch(Object(CakeRequest), Object(CakeResponse))
#3 {main}
2014-05-01 08:19:48 Error: [MissingActionException] Action MembersController::add() could not be found.
Exception Attributes: array (
  'controller' => 'MembersController',
  'action' => 'add',
)
Request URL: /test/members/add
Stack Trace:
#0 D:\xampp\htdocs\test\lib\Cake\Routing\Dispatcher.php(185): Controller->invokeAction(Object(CakeRequest))
#1 D:\xampp\htdocs\test\lib\Cake\Routing\Dispatcher.php(160): Dispatcher->_invoke(Object(MembersController), Object(CakeRequest), Object(CakeResponse))
#2 D:\xampp\htdocs\test\app\webroot\index.php(108): Dispatcher->dispatch(Object(CakeRequest), Object(CakeResponse))
#3 {main}
2014-05-01 08:24:17 Error: [MissingActionException] Action MembersController::view() could not be found.
Exception Attributes: array (
  'controller' => 'MembersController',
  'action' => 'view',
)
Request URL: /test/members/view/1
Stack Trace:
#0 D:\xampp\htdocs\test\lib\Cake\Routing\Dispatcher.php(185): Controller->invokeAction(Object(CakeRequest))
#1 D:\xampp\htdocs\test\lib\Cake\Routing\Dispatcher.php(160): Dispatcher->_invoke(Object(MembersController), Object(CakeRequest), Object(CakeResponse))
#2 D:\xampp\htdocs\test\app\webroot\index.php(108): Dispatcher->dispatch(Object(CakeRequest), Object(CakeResponse))
#3 {main}
2014-05-01 08:24:42 Error: [MissingActionException] Action MembersController::view() could not be found.
Exception Attributes: array (
  'controller' => 'MembersController',
  'action' => 'view',
)
Request URL: /test/members/view/1
Stack Trace:
#0 D:\xampp\htdocs\test\lib\Cake\Routing\Dispatcher.php(185): Controller->invokeAction(Object(CakeRequest))
#1 D:\xampp\htdocs\test\lib\Cake\Routing\Dispatcher.php(160): Dispatcher->_invoke(Object(MembersController), Object(CakeRequest), Object(CakeResponse))
#2 D:\xampp\htdocs\test\app\webroot\index.php(108): Dispatcher->dispatch(Object(CakeRequest), Object(CakeResponse))
#3 {main}
2014-05-01 08:24:49 Error: Fatal Error (1): Call to a member function findById() on a non-object in [D:\xampp\htdocs\test\app\Controller\MembersController.php, line 67]
2014-05-01 08:24:49 Error: [FatalErrorException] Call to a member function findById() on a non-object
Request URL: /test/members/member_view/1
Stack Trace:
#0 D:\xampp\htdocs\test\lib\Cake\Error\ErrorHandler.php(203): ErrorHandler::handleFatalError(1, 'Call to a membe...', 'D:\xampp\htdocs...', 67)
#1 [internal function]: ErrorHandler::handleError(1, 'Call to a membe...', 'D:\xampp\htdocs...', 67, Array)
#2 D:\xampp\htdocs\test\lib\Cake\Core\App.php(929): call_user_func('ErrorHandler::h...', 1, 'Call to a membe...', 'D:\xampp\htdocs...', 67, Array)
#3 D:\xampp\htdocs\test\lib\Cake\Core\App.php(902): App::_checkFatalError()
#4 [internal function]: App::shutdown()
#5 {main}
2014-05-01 08:25:58 Error: Fatal Error (1): Call to a member function find() on a non-object in [D:\xampp\htdocs\test\app\Controller\MembersController.php, line 67]
2014-05-01 08:25:58 Error: [FatalErrorException] Call to a member function find() on a non-object
Request URL: /test/members/member_view/1
Stack Trace:
#0 D:\xampp\htdocs\test\lib\Cake\Error\ErrorHandler.php(203): ErrorHandler::handleFatalError(1, 'Call to a membe...', 'D:\xampp\htdocs...', 67)
#1 [internal function]: ErrorHandler::handleError(1, 'Call to a membe...', 'D:\xampp\htdocs...', 67, Array)
#2 D:\xampp\htdocs\test\lib\Cake\Core\App.php(929): call_user_func('ErrorHandler::h...', 1, 'Call to a membe...', 'D:\xampp\htdocs...', 67, Array)
#3 D:\xampp\htdocs\test\lib\Cake\Core\App.php(902): App::_checkFatalError()
#4 [internal function]: App::shutdown()
#5 {main}
2014-05-01 08:27:20 Error: Fatal Error (1): Call to a member function findById() on a non-object in [D:\xampp\htdocs\test\app\Controller\MembersController.php, line 67]
2014-05-01 08:27:20 Error: [FatalErrorException] Call to a member function findById() on a non-object
Request URL: /test/members/member_view/1
Stack Trace:
#0 D:\xampp\htdocs\test\lib\Cake\Error\ErrorHandler.php(203): ErrorHandler::handleFatalError(1, 'Call to a membe...', 'D:\xampp\htdocs...', 67)
#1 [internal function]: ErrorHandler::handleError(1, 'Call to a membe...', 'D:\xampp\htdocs...', 67, Array)
#2 D:\xampp\htdocs\test\lib\Cake\Core\App.php(929): call_user_func('ErrorHandler::h...', 1, 'Call to a membe...', 'D:\xampp\htdocs...', 67, Array)
#3 D:\xampp\htdocs\test\lib\Cake\Core\App.php(902): App::_checkFatalError()
#4 [internal function]: App::shutdown()
#5 {main}
2014-05-01 08:28:11 Error: Fatal Error (1): Call to a member function findById() on a non-object in [D:\xampp\htdocs\test\app\Controller\MembersController.php, line 67]
2014-05-01 08:28:11 Error: [FatalErrorException] Call to a member function findById() on a non-object
Request URL: /test/members/member_view/1
Stack Trace:
#0 D:\xampp\htdocs\test\lib\Cake\Error\ErrorHandler.php(203): ErrorHandler::handleFatalError(1, 'Call to a membe...', 'D:\xampp\htdocs...', 67)
#1 [internal function]: ErrorHandler::handleError(1, 'Call to a membe...', 'D:\xampp\htdocs...', 67, Array)
#2 D:\xampp\htdocs\test\lib\Cake\Core\App.php(929): call_user_func('ErrorHandler::h...', 1, 'Call to a membe...', 'D:\xampp\htdocs...', 67, Array)
#3 D:\xampp\htdocs\test\lib\Cake\Core\App.php(902): App::_checkFatalError()
#4 [internal function]: App::shutdown()
#5 {main}
2014-05-01 08:28:39 Error: [PDOException] SQLSTATE[42S22]: Column not found: 1054 Unknown column 'Member.id' in 'where clause'
Request URL: /test/members/member_view/1
Stack Trace:
#0 D:\xampp\htdocs\test\lib\Cake\Model\Datasource\DboSource.php(458): PDOStatement->execute(Array)
#1 D:\xampp\htdocs\test\lib\Cake\Model\Datasource\DboSource.php(424): DboSource->_execute('SELECT `Member`...', Array)
#2 D:\xampp\htdocs\test\lib\Cake\Model\Datasource\DboSource.php(665): DboSource->execute('SELECT `Member`...', Array, Array)
#3 D:\xampp\htdocs\test\lib\Cake\Model\Datasource\DboSource.php(1077): DboSource->fetchAll('SELECT `Member`...', false)
#4 D:\xampp\htdocs\test\lib\Cake\Model\Model.php(2903): DboSource->read(Object(AppModel), Array)
#5 D:\xampp\htdocs\test\lib\Cake\Model\Model.php(2875): Model->_readDataSource('first', Array)
#6 D:\xampp\htdocs\test\lib\Cake\Model\Datasource\DboSource.php(597): Model->find('first', Array)
#7 D:\xampp\htdocs\test\lib\Cake\Model\Model.php(800): DboSource->query('findById', Array, Object(AppModel))
#8 D:\xampp\htdocs\test\app\Controller\MembersController.php(67): Model->__call('findById', Array)
#9 D:\xampp\htdocs\test\app\Controller\MembersController.php(67): AppModel->findById('1')
#10 [internal function]: MembersController->member_view('1')
#11 D:\xampp\htdocs\test\lib\Cake\Controller\Controller.php(490): ReflectionMethod->invokeArgs(Object(MembersController), Array)
#12 D:\xampp\htdocs\test\lib\Cake\Routing\Dispatcher.php(185): Controller->invokeAction(Object(CakeRequest))
#13 D:\xampp\htdocs\test\lib\Cake\Routing\Dispatcher.php(160): Dispatcher->_invoke(Object(MembersController), Object(CakeRequest), Object(CakeResponse))
#14 D:\xampp\htdocs\test\app\webroot\index.php(108): Dispatcher->dispatch(Object(CakeRequest), Object(CakeResponse))
#15 {main}
2014-05-01 08:29:24 Error: [PDOException] SQLSTATE[42S22]: Column not found: 1054 Unknown column 'Member.id' in 'where clause'
Request URL: /test/members/member_view/1
Stack Trace:
#0 D:\xampp\htdocs\test\lib\Cake\Model\Datasource\DboSource.php(458): PDOStatement->execute(Array)
#1 D:\xampp\htdocs\test\lib\Cake\Model\Datasource\DboSource.php(424): DboSource->_execute('SELECT `Member`...', Array)
#2 D:\xampp\htdocs\test\lib\Cake\Model\Datasource\DboSource.php(665): DboSource->execute('SELECT `Member`...', Array, Array)
#3 D:\xampp\htdocs\test\lib\Cake\Model\Datasource\DboSource.php(1077): DboSource->fetchAll('SELECT `Member`...', false)
#4 D:\xampp\htdocs\test\lib\Cake\Model\Model.php(2903): DboSource->read(Object(AppModel), Array)
#5 D:\xampp\htdocs\test\lib\Cake\Model\Model.php(2875): Model->_readDataSource('first', Array)
#6 D:\xampp\htdocs\test\lib\Cake\Model\Datasource\DboSource.php(597): Model->find('first', Array)
#7 D:\xampp\htdocs\test\lib\Cake\Model\Model.php(800): DboSource->query('findById', Array, Object(AppModel))
#8 D:\xampp\htdocs\test\app\Controller\MembersController.php(67): Model->__call('findById', Array)
#9 D:\xampp\htdocs\test\app\Controller\MembersController.php(67): AppModel->findById('1')
#10 [internal function]: MembersController->member_view('1')
#11 D:\xampp\htdocs\test\lib\Cake\Controller\Controller.php(490): ReflectionMethod->invokeArgs(Object(MembersController), Array)
#12 D:\xampp\htdocs\test\lib\Cake\Routing\Dispatcher.php(185): Controller->invokeAction(Object(CakeRequest))
#13 D:\xampp\htdocs\test\lib\Cake\Routing\Dispatcher.php(160): Dispatcher->_invoke(Object(MembersController), Object(CakeRequest), Object(CakeResponse))
#14 D:\xampp\htdocs\test\app\webroot\index.php(108): Dispatcher->dispatch(Object(CakeRequest), Object(CakeResponse))
#15 {main}
2014-05-01 08:31:42 Error: [PDOException] SQLSTATE[42S22]: Column not found: 1054 Unknown column 'Member.id' in 'where clause'
Request URL: /test/members/member_view/1
Stack Trace:
#0 D:\xampp\htdocs\test\lib\Cake\Model\Datasource\DboSource.php(458): PDOStatement->execute(Array)
#1 D:\xampp\htdocs\test\lib\Cake\Model\Datasource\DboSource.php(424): DboSource->_execute('SELECT `Member`...', Array)
#2 D:\xampp\htdocs\test\lib\Cake\Model\Datasource\DboSource.php(665): DboSource->execute('SELECT `Member`...', Array, Array)
#3 D:\xampp\htdocs\test\lib\Cake\Model\Datasource\DboSource.php(1077): DboSource->fetchAll('SELECT `Member`...', false)
#4 D:\xampp\htdocs\test\lib\Cake\Model\Model.php(2903): DboSource->read(Object(AppModel), Array)
#5 D:\xampp\htdocs\test\lib\Cake\Model\Model.php(2875): Model->_readDataSource('first', Array)
#6 D:\xampp\htdocs\test\lib\Cake\Model\Datasource\DboSource.php(597): Model->find('first', Array)
#7 D:\xampp\htdocs\test\lib\Cake\Model\Model.php(800): DboSource->query('findById', Array, Object(AppModel))
#8 D:\xampp\htdocs\test\app\Controller\MembersController.php(67): Model->__call('findById', Array)
#9 D:\xampp\htdocs\test\app\Controller\MembersController.php(67): AppModel->findById('1')
#10 [internal function]: MembersController->member_view('1')
#11 D:\xampp\htdocs\test\lib\Cake\Controller\Controller.php(490): ReflectionMethod->invokeArgs(Object(MembersController), Array)
#12 D:\xampp\htdocs\test\lib\Cake\Routing\Dispatcher.php(185): Controller->invokeAction(Object(CakeRequest))
#13 D:\xampp\htdocs\test\lib\Cake\Routing\Dispatcher.php(160): Dispatcher->_invoke(Object(MembersController), Object(CakeRequest), Object(CakeResponse))
#14 D:\xampp\htdocs\test\app\webroot\index.php(108): Dispatcher->dispatch(Object(CakeRequest), Object(CakeResponse))
#15 {main}
2014-05-01 08:33:55 Error: [MissingActionException] Action MembersController::index() could not be found.
Exception Attributes: array (
  'controller' => 'MembersController',
  'action' => 'index',
)
Request URL: /test/members
Stack Trace:
#0 D:\xampp\htdocs\test\lib\Cake\Routing\Dispatcher.php(185): Controller->invokeAction(Object(CakeRequest))
#1 D:\xampp\htdocs\test\lib\Cake\Routing\Dispatcher.php(160): Dispatcher->_invoke(Object(MembersController), Object(CakeRequest), Object(CakeResponse))
#2 D:\xampp\htdocs\test\app\webroot\index.php(108): Dispatcher->dispatch(Object(CakeRequest), Object(CakeResponse))
#3 {main}
2014-05-01 08:41:46 Error: Fatal Error (4): syntax error, unexpected T_OBJECT_OPERATOR, expecting ')' in [D:\xampp\htdocs\test\app\View\Members\member_add.ctp, line 4]
2014-05-01 08:41:46 Error: [FatalErrorException] syntax error, unexpected T_OBJECT_OPERATOR, expecting ')'
Request URL: /test/members/member_add
Stack Trace:
#0 D:\xampp\htdocs\test\lib\Cake\Error\ErrorHandler.php(203): ErrorHandler::handleFatalError(4, 'syntax error, u...', 'D:\xampp\htdocs...', 4)
#1 [internal function]: ErrorHandler::handleError(4, 'syntax error, u...', 'D:\xampp\htdocs...', 4, Array)
#2 D:\xampp\htdocs\test\lib\Cake\Core\App.php(929): call_user_func('ErrorHandler::h...', 4, 'syntax error, u...', 'D:\xampp\htdocs...', 4, Array)
#3 D:\xampp\htdocs\test\lib\Cake\Core\App.php(902): App::_checkFatalError()
#4 [internal function]: App::shutdown()
#5 {main}
2014-05-01 09:48:36 Error: Fatal Error (1): Call to a member function find() on a non-object in [D:\xampp\htdocs\test\app\Controller\MembersController.php, line 73]
2014-05-01 09:48:36 Error: [FatalErrorException] Call to a member function find() on a non-object
Request URL: /test/members/export
Stack Trace:
#0 D:\xampp\htdocs\test\lib\Cake\Error\ErrorHandler.php(203): ErrorHandler::handleFatalError(1, 'Call to a membe...', 'D:\xampp\htdocs...', 73)
#1 [internal function]: ErrorHandler::handleError(1, 'Call to a membe...', 'D:\xampp\htdocs...', 73, Array)
#2 D:\xampp\htdocs\test\lib\Cake\Core\App.php(929): call_user_func('ErrorHandler::h...', 1, 'Call to a membe...', 'D:\xampp\htdocs...', 73, Array)
#3 D:\xampp\htdocs\test\lib\Cake\Core\App.php(902): App::_checkFatalError()
#4 [internal function]: App::shutdown()
#5 {main}
2014-05-01 09:48:52 Error: Fatal Error (1): Call to a member function find() on a non-object in [D:\xampp\htdocs\test\app\Controller\MembersController.php, line 73]
2014-05-01 09:48:52 Error: [FatalErrorException] Call to a member function find() on a non-object
Request URL: /test/members/export
Stack Trace:
#0 D:\xampp\htdocs\test\lib\Cake\Error\ErrorHandler.php(203): ErrorHandler::handleFatalError(1, 'Call to a membe...', 'D:\xampp\htdocs...', 73)
#1 [internal function]: ErrorHandler::handleError(1, 'Call to a membe...', 'D:\xampp\htdocs...', 73, Array)
#2 D:\xampp\htdocs\test\lib\Cake\Core\App.php(929): call_user_func('ErrorHandler::h...', 1, 'Call to a membe...', 'D:\xampp\htdocs...', 73, Array)
#3 D:\xampp\htdocs\test\lib\Cake\Core\App.php(902): App::_checkFatalError()
#4 [internal function]: App::shutdown()
#5 {main}
2014-05-01 09:49:02 Error: [MissingActionException] Action MembersController::index() could not be found.
Exception Attributes: array (
  'controller' => 'MembersController',
  'action' => 'index',
)
Request URL: /test/members
Stack Trace:
#0 D:\xampp\htdocs\test\lib\Cake\Routing\Dispatcher.php(185): Controller->invokeAction(Object(CakeRequest))
#1 D:\xampp\htdocs\test\lib\Cake\Routing\Dispatcher.php(160): Dispatcher->_invoke(Object(MembersController), Object(CakeRequest), Object(CakeResponse))
#2 D:\xampp\htdocs\test\app\webroot\index.php(108): Dispatcher->dispatch(Object(CakeRequest), Object(CakeResponse))
#3 {main}
2014-05-01 09:49:09 Error: Fatal Error (1): Call to a member function find() on a non-object in [D:\xampp\htdocs\test\app\Controller\MembersController.php, line 73]
2014-05-01 09:49:09 Error: [FatalErrorException] Call to a member function find() on a non-object
Request URL: /test/members/export
Stack Trace:
#0 D:\xampp\htdocs\test\lib\Cake\Error\ErrorHandler.php(203): ErrorHandler::handleFatalError(1, 'Call to a membe...', 'D:\xampp\htdocs...', 73)
#1 [internal function]: ErrorHandler::handleError(1, 'Call to a membe...', 'D:\xampp\htdocs...', 73, Array)
#2 D:\xampp\htdocs\test\lib\Cake\Core\App.php(929): call_user_func('ErrorHandler::h...', 1, 'Call to a membe...', 'D:\xampp\htdocs...', 73, Array)
#3 D:\xampp\htdocs\test\lib\Cake\Core\App.php(902): App::_checkFatalError()
#4 [internal function]: App::shutdown()
#5 {main}
2014-05-01 09:49:23 Warning: Warning (2): array_keys() expects parameter 1 to be array, null given in [D:\xampp\htdocs\test\app\View\Members\export.ctp, line 7]
Trace:
array_keys - [internal], line ??
include - APP\View\Members\export.ctp, line 7
View::_evaluate() - CORE\Cake\View\View.php, line 935
View::_render() - CORE\Cake\View\View.php, line 897
View::render() - CORE\Cake\View\View.php, line 466
Controller::render() - CORE\Cake\Controller\Controller.php, line 954
Dispatcher::_invoke() - CORE\Cake\Routing\Dispatcher.php, line 192
Dispatcher::dispatch() - CORE\Cake\Routing\Dispatcher.php, line 160
[main] - APP\webroot\index.php, line 108

2014-05-01 09:49:23 Warning: Warning (2): fputcsv() expects parameter 2 to be array, null given in [D:\xampp\htdocs\test\app\View\Helper\CsvHelper.php, line 35]
Trace:
fputcsv - [internal], line ??
CsvHelper::addRow() - APP\View\Helper\CsvHelper.php, line 35
include - APP\View\Members\export.ctp, line 7
View::_evaluate() - CORE\Cake\View\View.php, line 935
View::_render() - CORE\Cake\View\View.php, line 897
View::render() - CORE\Cake\View\View.php, line 466
Controller::render() - CORE\Cake\Controller\Controller.php, line 954
Dispatcher::_invoke() - CORE\Cake\Routing\Dispatcher.php, line 192
Dispatcher::dispatch() - CORE\Cake\Routing\Dispatcher.php, line 160
[main] - APP\webroot\index.php, line 108

2014-05-01 09:49:23 Warning: Warning (2): Invalid argument supplied for foreach() in [D:\xampp\htdocs\test\app\View\Members\export.ctp, line 8]
Trace:
include - APP\View\Members\export.ctp, line 8
View::_evaluate() - CORE\Cake\View\View.php, line 935
View::_render() - CORE\Cake\View\View.php, line 897
View::render() - CORE\Cake\View\View.php, line 466
Controller::render() - CORE\Cake\Controller\Controller.php, line 954
Dispatcher::_invoke() - CORE\Cake\Routing\Dispatcher.php, line 192
Dispatcher::dispatch() - CORE\Cake\Routing\Dispatcher.php, line 160
[main] - APP\webroot\index.php, line 108

2014-05-01 09:50:17 Warning: Warning (2): array_keys() expects parameter 1 to be array, null given in [D:\xampp\htdocs\test\app\View\Members\export.ctp, line 7]
Trace:
array_keys - [internal], line ??
include - APP\View\Members\export.ctp, line 7
View::_evaluate() - CORE\Cake\View\View.php, line 935
View::_render() - CORE\Cake\View\View.php, line 897
View::render() - CORE\Cake\View\View.php, line 466
Controller::render() - CORE\Cake\Controller\Controller.php, line 954
Dispatcher::_invoke() - CORE\Cake\Routing\Dispatcher.php, line 192
Dispatcher::dispatch() - CORE\Cake\Routing\Dispatcher.php, line 160
[main] - APP\webroot\index.php, line 108

2014-05-01 09:50:17 Warning: Warning (2): fputcsv() expects parameter 2 to be array, null given in [D:\xampp\htdocs\test\app\View\Helper\CsvHelper.php, line 35]
Trace:
fputcsv - [internal], line ??
CsvHelper::addRow() - APP\View\Helper\CsvHelper.php, line 35
include - APP\View\Members\export.ctp, line 7
View::_evaluate() - CORE\Cake\View\View.php, line 935
View::_render() - CORE\Cake\View\View.php, line 897
View::render() - CORE\Cake\View\View.php, line 466
Controller::render() - CORE\Cake\Controller\Controller.php, line 954
Dispatcher::_invoke() - CORE\Cake\Routing\Dispatcher.php, line 192
Dispatcher::dispatch() - CORE\Cake\Routing\Dispatcher.php, line 160
[main] - APP\webroot\index.php, line 108

2014-05-01 09:50:17 Warning: Warning (2): Invalid argument supplied for foreach() in [D:\xampp\htdocs\test\app\View\Members\export.ctp, line 8]
Trace:
include - APP\View\Members\export.ctp, line 8
View::_evaluate() - CORE\Cake\View\View.php, line 935
View::_render() - CORE\Cake\View\View.php, line 897
View::render() - CORE\Cake\View\View.php, line 466
Controller::render() - CORE\Cake\Controller\Controller.php, line 954
Dispatcher::_invoke() - CORE\Cake\Routing\Dispatcher.php, line 192
Dispatcher::dispatch() - CORE\Cake\Routing\Dispatcher.php, line 160
[main] - APP\webroot\index.php, line 108

2014-05-01 10:20:37 Error: Fatal Error (64): Cannot use [] for reading in [D:\xampp\htdocs\test\app\View\Members\export.ctp, line 7]
2014-05-01 10:20:37 Error: [InternalErrorException] Internal Server Error
Request URL: /test/members/export
Stack Trace:
#0 D:\xampp\htdocs\test\lib\Cake\Error\ErrorHandler.php(203): ErrorHandler::handleFatalError(64, 'Cannot use [] f...', 'D:\xampp\htdocs...', 7)
#1 [internal function]: ErrorHandler::handleError(64, 'Cannot use [] f...', 'D:\xampp\htdocs...', 7, Array)
#2 D:\xampp\htdocs\test\lib\Cake\Core\App.php(929): call_user_func('ErrorHandler::h...', 64, 'Cannot use [] f...', 'D:\xampp\htdocs...', 7, Array)
#3 D:\xampp\htdocs\test\lib\Cake\Core\App.php(902): App::_checkFatalError()
#4 [internal function]: App::shutdown()
#5 {main}
2014-05-01 10:30:32 Error: Fatal Error (4): syntax error, unexpected ';' in [D:\xampp\htdocs\test\app\View\Members\export.ctp, line 5]
2014-05-01 10:30:32 Error: [InternalErrorException] Internal Server Error
Request URL: /test/members/export
Stack Trace:
#0 D:\xampp\htdocs\test\lib\Cake\Error\ErrorHandler.php(203): ErrorHandler::handleFatalError(4, 'syntax error, u...', 'D:\xampp\htdocs...', 5)
#1 [internal function]: ErrorHandler::handleError(4, 'syntax error, u...', 'D:\xampp\htdocs...', 5, Array)
#2 D:\xampp\htdocs\test\lib\Cake\Core\App.php(929): call_user_func('ErrorHandler::h...', 4, 'syntax error, u...', 'D:\xampp\htdocs...', 5, Array)
#3 D:\xampp\htdocs\test\lib\Cake\Core\App.php(902): App::_checkFatalError()
#4 [internal function]: App::shutdown()
#5 {main}
2014-05-01 10:30:51 Error: Fatal Error (4): syntax error, unexpected ';' in [D:\xampp\htdocs\test\app\View\Members\export.ctp, line 5]
2014-05-01 10:30:51 Error: [InternalErrorException] Internal Server Error
Request URL: /test/members/export
Stack Trace:
#0 D:\xampp\htdocs\test\lib\Cake\Error\ErrorHandler.php(203): ErrorHandler::handleFatalError(4, 'syntax error, u...', 'D:\xampp\htdocs...', 5)
#1 [internal function]: ErrorHandler::handleError(4, 'syntax error, u...', 'D:\xampp\htdocs...', 5, Array)
#2 D:\xampp\htdocs\test\lib\Cake\Core\App.php(929): call_user_func('ErrorHandler::h...', 4, 'syntax error, u...', 'D:\xampp\htdocs...', 5, Array)
#3 D:\xampp\htdocs\test\lib\Cake\Core\App.php(902): App::_checkFatalError()
#4 [internal function]: App::shutdown()
#5 {main}
2014-05-01 10:30:57 Error: Fatal Error (4): syntax error, unexpected ';' in [D:\xampp\htdocs\test\app\View\Members\export.ctp, line 5]
2014-05-01 10:30:57 Error: [InternalErrorException] Internal Server Error
Request URL: /test/members/export
Stack Trace:
#0 D:\xampp\htdocs\test\lib\Cake\Error\ErrorHandler.php(203): ErrorHandler::handleFatalError(4, 'syntax error, u...', 'D:\xampp\htdocs...', 5)
#1 [internal function]: ErrorHandler::handleError(4, 'syntax error, u...', 'D:\xampp\htdocs...', 5, Array)
#2 D:\xampp\htdocs\test\lib\Cake\Core\App.php(929): call_user_func('ErrorHandler::h...', 4, 'syntax error, u...', 'D:\xampp\htdocs...', 5, Array)
#3 D:\xampp\htdocs\test\lib\Cake\Core\App.php(902): App::_checkFatalError()
#4 [internal function]: App::shutdown()
#5 {main}
2014-05-01 10:31:07 Error: Fatal Error (4): syntax error, unexpected ';' in [D:\xampp\htdocs\test\app\View\Members\export.ctp, line 5]
2014-05-01 10:31:07 Error: [InternalErrorException] Internal Server Error
Request URL: /test/members/export
Stack Trace:
#0 D:\xampp\htdocs\test\lib\Cake\Error\ErrorHandler.php(203): ErrorHandler::handleFatalError(4, 'syntax error, u...', 'D:\xampp\htdocs...', 5)
#1 [internal function]: ErrorHandler::handleError(4, 'syntax error, u...', 'D:\xampp\htdocs...', 5, Array)
#2 D:\xampp\htdocs\test\lib\Cake\Core\App.php(929): call_user_func('ErrorHandler::h...', 4, 'syntax error, u...', 'D:\xampp\htdocs...', 5, Array)
#3 D:\xampp\htdocs\test\lib\Cake\Core\App.php(902): App::_checkFatalError()
#4 [internal function]: App::shutdown()
#5 {main}
2014-05-01 10:31:08 Error: Fatal Error (4): syntax error, unexpected ';' in [D:\xampp\htdocs\test\app\View\Members\export.ctp, line 5]
2014-05-01 10:31:08 Error: [InternalErrorException] Internal Server Error
Request URL: /test/members/export
Stack Trace:
#0 D:\xampp\htdocs\test\lib\Cake\Error\ErrorHandler.php(203): ErrorHandler::handleFatalError(4, 'syntax error, u...', 'D:\xampp\htdocs...', 5)
#1 [internal function]: ErrorHandler::handleError(4, 'syntax error, u...', 'D:\xampp\htdocs...', 5, Array)
#2 D:\xampp\htdocs\test\lib\Cake\Core\App.php(929): call_user_func('ErrorHandler::h...', 4, 'syntax error, u...', 'D:\xampp\htdocs...', 5, Array)
#3 D:\xampp\htdocs\test\lib\Cake\Core\App.php(902): App::_checkFatalError()
#4 [internal function]: App::shutdown()
#5 {main}
2014-05-01 10:31:08 Error: Fatal Error (4): syntax error, unexpected ';' in [D:\xampp\htdocs\test\app\View\Members\export.ctp, line 5]
2014-05-01 10:31:08 Error: [InternalErrorException] Internal Server Error
Request URL: /test/members/export
Stack Trace:
#0 D:\xampp\htdocs\test\lib\Cake\Error\ErrorHandler.php(203): ErrorHandler::handleFatalError(4, 'syntax error, u...', 'D:\xampp\htdocs...', 5)
#1 [internal function]: ErrorHandler::handleError(4, 'syntax error, u...', 'D:\xampp\htdocs...', 5, Array)
#2 D:\xampp\htdocs\test\lib\Cake\Core\App.php(929): call_user_func('ErrorHandler::h...', 4, 'syntax error, u...', 'D:\xampp\htdocs...', 5, Array)
#3 D:\xampp\htdocs\test\lib\Cake\Core\App.php(902): App::_checkFatalError()
#4 [internal function]: App::shutdown()
#5 {main}
2014-05-01 10:31:08 Error: Fatal Error (4): syntax error, unexpected ';' in [D:\xampp\htdocs\test\app\View\Members\export.ctp, line 5]
2014-05-01 10:31:08 Error: [InternalErrorException] Internal Server Error
Request URL: /test/members/export
Stack Trace:
#0 D:\xampp\htdocs\test\lib\Cake\Error\ErrorHandler.php(203): ErrorHandler::handleFatalError(4, 'syntax error, u...', 'D:\xampp\htdocs...', 5)
#1 [internal function]: ErrorHandler::handleError(4, 'syntax error, u...', 'D:\xampp\htdocs...', 5, Array)
#2 D:\xampp\htdocs\test\lib\Cake\Core\App.php(929): call_user_func('ErrorHandler::h...', 4, 'syntax error, u...', 'D:\xampp\htdocs...', 5, Array)
#3 D:\xampp\htdocs\test\lib\Cake\Core\App.php(902): App::_checkFatalError()
#4 [internal function]: App::shutdown()
#5 {main}
2014-05-02 11:28:47 Error: [MissingControllerException] Controller class DejiController could not be found.
Exception Attributes: array (
  'class' => 'DejiController',
  'plugin' => NULL,
)
Request URL: /Deji/trunk/deji/trunk/
Stack Trace:
#0 D:\xampp\htdocs\Deji\trunk\app\webroot\index.php(108): Dispatcher->dispatch(Object(CakeRequest), Object(CakeResponse))
#1 {main}
2014-05-02 11:37:06 Error: [MissingActionException] Action MembersController::member_index() could not be found.
Exception Attributes: array (
  'controller' => 'MembersController',
  'action' => 'member_index',
)
Request URL: /Deji/trunk/
Stack Trace:
#0 D:\xampp\htdocs\Deji\trunk\lib\Cake\Routing\Dispatcher.php(185): Controller->invokeAction(Object(CakeRequest))
#1 D:\xampp\htdocs\Deji\trunk\lib\Cake\Routing\Dispatcher.php(160): Dispatcher->_invoke(Object(MembersController), Object(CakeRequest), Object(CakeResponse))
#2 D:\xampp\htdocs\Deji\trunk\app\webroot\index.php(108): Dispatcher->dispatch(Object(CakeRequest), Object(CakeResponse))
#3 {main}
2014-05-02 11:37:10 Error: [MissingActionException] Action MembersController::member_index() could not be found.
Exception Attributes: array (
  'controller' => 'MembersController',
  'action' => 'member_index',
)
Request URL: /Deji/trunk/
Stack Trace:
#0 D:\xampp\htdocs\Deji\trunk\lib\Cake\Routing\Dispatcher.php(185): Controller->invokeAction(Object(CakeRequest))
#1 D:\xampp\htdocs\Deji\trunk\lib\Cake\Routing\Dispatcher.php(160): Dispatcher->_invoke(Object(MembersController), Object(CakeRequest), Object(CakeResponse))
#2 D:\xampp\htdocs\Deji\trunk\app\webroot\index.php(108): Dispatcher->dispatch(Object(CakeRequest), Object(CakeResponse))
#3 {main}
2014-05-02 11:37:11 Error: [MissingActionException] Action MembersController::member_index() could not be found.
Exception Attributes: array (
  'controller' => 'MembersController',
  'action' => 'member_index',
)
Request URL: /Deji/trunk/
Stack Trace:
#0 D:\xampp\htdocs\Deji\trunk\lib\Cake\Routing\Dispatcher.php(185): Controller->invokeAction(Object(CakeRequest))
#1 D:\xampp\htdocs\Deji\trunk\lib\Cake\Routing\Dispatcher.php(160): Dispatcher->_invoke(Object(MembersController), Object(CakeRequest), Object(CakeResponse))
#2 D:\xampp\htdocs\Deji\trunk\app\webroot\index.php(108): Dispatcher->dispatch(Object(CakeRequest), Object(CakeResponse))
#3 {main}
2014-05-02 11:40:13 Error: [MissingActionException] Action MembersController::member_index() could not be found.
Exception Attributes: array (
  'controller' => 'MembersController',
  'action' => 'member_index',
)
Request URL: /Deji/trunk/
Stack Trace:
#0 D:\xampp\htdocs\Deji\trunk\lib\Cake\Routing\Dispatcher.php(185): Controller->invokeAction(Object(CakeRequest))
#1 D:\xampp\htdocs\Deji\trunk\lib\Cake\Routing\Dispatcher.php(160): Dispatcher->_invoke(Object(MembersController), Object(CakeRequest), Object(CakeResponse))
#2 D:\xampp\htdocs\Deji\trunk\app\webroot\index.php(108): Dispatcher->dispatch(Object(CakeRequest), Object(CakeResponse))
#3 {main}
2014-05-02 11:40:15 Error: [MissingActionException] Action MembersController::member_index() could not be found.
Exception Attributes: array (
  'controller' => 'MembersController',
  'action' => 'member_index',
)
Request URL: /Deji/trunk/
Stack Trace:
#0 D:\xampp\htdocs\Deji\trunk\lib\Cake\Routing\Dispatcher.php(185): Controller->invokeAction(Object(CakeRequest))
#1 D:\xampp\htdocs\Deji\trunk\lib\Cake\Routing\Dispatcher.php(160): Dispatcher->_invoke(Object(MembersController), Object(CakeRequest), Object(CakeResponse))
#2 D:\xampp\htdocs\Deji\trunk\app\webroot\index.php(108): Dispatcher->dispatch(Object(CakeRequest), Object(CakeResponse))
#3 {main}
2014-05-02 11:40:16 Error: [MissingActionException] Action MembersController::member_index() could not be found.
Exception Attributes: array (
  'controller' => 'MembersController',
  'action' => 'member_index',
)
Request URL: /Deji/trunk/
Stack Trace:
#0 D:\xampp\htdocs\Deji\trunk\lib\Cake\Routing\Dispatcher.php(185): Controller->invokeAction(Object(CakeRequest))
#1 D:\xampp\htdocs\Deji\trunk\lib\Cake\Routing\Dispatcher.php(160): Dispatcher->_invoke(Object(MembersController), Object(CakeRequest), Object(CakeResponse))
#2 D:\xampp\htdocs\Deji\trunk\app\webroot\index.php(108): Dispatcher->dispatch(Object(CakeRequest), Object(CakeResponse))
#3 {main}
2014-05-02 11:40:17 Error: [MissingActionException] Action MembersController::member_index() could not be found.
Exception Attributes: array (
  'controller' => 'MembersController',
  'action' => 'member_index',
)
Request URL: /Deji/trunk/
Stack Trace:
#0 D:\xampp\htdocs\Deji\trunk\lib\Cake\Routing\Dispatcher.php(185): Controller->invokeAction(Object(CakeRequest))
#1 D:\xampp\htdocs\Deji\trunk\lib\Cake\Routing\Dispatcher.php(160): Dispatcher->_invoke(Object(MembersController), Object(CakeRequest), Object(CakeResponse))
#2 D:\xampp\htdocs\Deji\trunk\app\webroot\index.php(108): Dispatcher->dispatch(Object(CakeRequest), Object(CakeResponse))
#3 {main}
2014-05-02 11:40:24 Error: [MissingActionException] Action MembersController::member_index() could not be found.
Exception Attributes: array (
  'controller' => 'MembersController',
  'action' => 'member_index',
)
Request URL: /Deji/trunk/
Stack Trace:
#0 D:\xampp\htdocs\Deji\trunk\lib\Cake\Routing\Dispatcher.php(185): Controller->invokeAction(Object(CakeRequest))
#1 D:\xampp\htdocs\Deji\trunk\lib\Cake\Routing\Dispatcher.php(160): Dispatcher->_invoke(Object(MembersController), Object(CakeRequest), Object(CakeResponse))
#2 D:\xampp\htdocs\Deji\trunk\app\webroot\index.php(108): Dispatcher->dispatch(Object(CakeRequest), Object(CakeResponse))
#3 {main}
